<?xml version="1.0" encoding="UTF-8"?>
<!-- Generated by org.testng.reporters.JUnitXMLReporter -->
<testsuite hostname="136-FREKIH" ignored="0" tests="4" failures="0" timestamp="12 maj 2020 13:33:45 GMT" time="7.473" errors="0">
  <testcase name="setup1" time="7.422" classname="MyTestNGClass"/>
  <testcase name="setup2" time="0.001" classname="MyTestNGClass"/>
  <testcase name="setup3" time="0.0" classname="MyTestNGClass"/>
  <testcase name="setup4" time="0.0" classname="MyTestNGClass"/>
</testsuite>
